2022-10-18 16:41:06,438 (INFO) - 💸
Совершена покупка:
- Номер заказа: 401632257-6209
- Состав:
id: facbf6bb-b9c2-4059-b044-55978f0b87a8
address_id: 9845e86b-48d5-4cdb-81b2-44255e015f77
description: Demo package 3 description (fe913dc8)
pickup_before: 2022-10-17 23:00:00
amount: 2
price: 100
time: 23:00
2022-10-18 16:58:26,312 (INFO) - 💸
Совершена покупка:
- Номер заказа: 401632257-7911
- Состав:
id: d1a96b7e-7e48-42fd-8ac5-5f4d28681fea
address_id: 8bc36da6-4001-442d-b02c-51f52419addf
description: Demo package 2 description (fe913dc8)
pickup_before: 2022-10-17 22:00:00
amount: 0
price: 200
time: 22:00
2022-10-18 16:58:38,158 (INFO) - 💸
Совершена покупка:
- Номер заказа: 401632257-7054
- Состав:
id: facbf6bb-b9c2-4059-b044-55978f0b87a8
address_id: 9845e86b-48d5-4cdb-81b2-44255e015f77
description: Demo package 3 description (fe913dc8)
pickup_before: 2022-10-17 23:00:00
amount: 1
price: 100
time: 23:00
2022-10-18 21:09:05,205 (INFO) - 💸
Совершена покупка:
- Номер заказа: 401632257-4479
- Состав:
id: facbf6bb-b9c2-4059-b044-55978f0b87a8
address_id: 9845e86b-48d5-4cdb-81b2-44255e015f77
description: Demo package 3 description (fe913dc8)
pickup_before: 2022-10-17 23:00:00
amount: 0
price: 100
time: 23:00
2022-10-18 21:09:17,435 (INFO) - 💸
Совершена покупка:
- Номер заказа: 401632257-8486
- Состав:
id: d1a96b7e-7e48-42fd-8ac5-5f4d28681fea
address_id: 8bc36da6-4001-442d-b02c-51f52419addf
description: Demo package 2 description (fe913dc8)
pickup_before: 2022-10-17 22:00:00
amount: 0
price: 200
time: 22:00
2022-10-19 13:02:24,061 (INFO) - 💸
Совершена покупка:
- Номер заказа: 401632257-4275
- Состав:
id: d1a96b7e-7e48-42fd-8ac5-5f4d28681fea
address_id: 8bc36da6-4001-442d-b02c-51f52419addf
description: Demo package 2 description (fe913dc8)
pickup_before: 2022-10-17 22:00:00
amount: 1
price: 200
time: 22:00
2022-10-19 16:30:47,557 (INFO) - 💸
Совершена покупка:
- Номер заказа: 401632257-1583
- Состав:
id: c484c629-1b2e-422a-a7f2-2570152e8286
address_id: 4eabffc1-c89b-46cd-8f1b-8957054a6cc6
description: Demo package 1 description (fe913dc8)
pickup_before: 2022-10-17 21:00:00
amount: 0
price: 300
time: 21:00
2022-10-19 16:30:55,343 (INFO) - 💸
Совершена покупка:
- Номер заказа: 401632257-7153
- Состав:
id: c484c629-1b2e-422a-a7f2-2570152e8286
address_id: 4eabffc1-c89b-46cd-8f1b-8957054a6cc6
description: Demo package 1 description (fe913dc8)
pickup_before: 2022-10-17 21:00:00
amount: 0
price: 300
time: 21:00
2022-10-19 17:40:35,567 (INFO) - 💸
Совершена покупка:
- Номер заказа: 401632257-4588
- Состав:
id: 15a68432-5ba8-4d44-9283-6329f1cb8594
address_id: 1b1bc538-ef13-45f8-8a12-b82bf5bf191f
description: Яйца (Konstantin)
pickup_before: 2022-10-19 23:00:00
amount: 2
price: 100
time: 23:00
2022-10-19 17:44:45,064 (INFO) - 💸
Совершена покупка:
- Номер заказа: 401632257-9980
- Состав:
id: 15a68432-5ba8-4d44-9283-6329f1cb8594
address_id: 1b1bc538-ef13-45f8-8a12-b82bf5bf191f
description: Яйца (Konstantin)
pickup_before: 2022-10-19 23:00:00
amount: 1
price: 100
time: 23:00
2022-10-19 17:45:40,761 (INFO) - 💸
Совершена покупка:
- Номер заказа: 401632257-2041
- Состав:
id: 15a68432-5ba8-4d44-9283-6329f1cb8594
address_id: 1b1bc538-ef13-45f8-8a12-b82bf5bf191f
description: Яйца (Konstantin)
pickup_before: 2022-10-19 23:00:00
amount: 0
price: 100
time: 23:00
2022-10-19 17:57:07,722 (INFO) - 💸
Совершена покупка:
- Номер заказа: 401632257-4516
- Состав:
id: b476ce36-d0e0-4d5d-8728-b4e3f46e6058
address_id: a73cae79-d0f0-4d4e-bb7b-33bc03487120
description: Молоко, хлопья (Konstantin)
pickup_before: 2022-10-19 22:00:00
amount: 1
price: 200
time: 22:00
